0 info it worked if it ends with ok
1 verbose cli [
1 verbose cli   'C:\\Program Files\\nodejs\\node.exe',
1 verbose cli   'C:\\Users\\Accura Tech\\AppData\\Roaming\\npm\\node_modules\\npm\\bin\\npm-cli.js',
1 verbose cli   'uninstall',
1 verbose cli   '-D',
1 verbose cli   'gulp@4.0.2'
1 verbose cli ]
2 info using npm@3.10.10
3 info using node@v12.13.0
4 silly loadCurrentTree Starting
5 silly install loadCurrentTree
6 silly install readLocalPackageData
7 silly install normalizeTree
8 silly loadCurrentTree Finishing
9 silly loadIdealTree Starting
10 silly install loadIdealTree
11 silly cloneCurrentTree Starting
12 silly install cloneCurrentTreeToIdealTree
13 silly cloneCurrentTree Finishing
14 silly loadShrinkwrap Starting
15 silly install loadShrinkwrap
16 silly loadShrinkwrap Finishing
17 silly loadAllDepsIntoIdealTree Starting
18 silly uninstall loadAllDepsIntoIdealtree
19 verbose stack Error: Unsupported URL Type: npm:puppeteer-core@3.0.0
19 verbose stack     at parseUrl (C:\Users\Accura Tech\AppData\Roaming\npm\node_modules\npm\node_modules\npm-package-arg\npa.js:186:13)
19 verbose stack     at npa (C:\Users\Accura Tech\AppData\Roaming\npm\node_modules\npm\node_modules\npm-package-arg\npa.js:79:12)
19 verbose stack     at doesChildVersionMatch (C:\Users\Accura Tech\AppData\Roaming\npm\node_modules\npm\lib\install\deps.js:81:21)
19 verbose stack     at C:\Users\Accura Tech\AppData\Roaming\npm\node_modules\npm\lib\install\deps.js:46:29
19 verbose stack     at C:\Users\Accura Tech\AppData\Roaming\npm\node_modules\npm\lib\install\deps.js:107:5
19 verbose stack     at zalgoSafe (C:\Users\Accura Tech\AppData\Roaming\npm\node_modules\npm\node_modules\dezalgo\dezalgo.js:20:10)
19 verbose stack     at finalize (C:\Users\Accura Tech\AppData\Roaming\npm\node_modules\npm\node_modules\realize-package-specifier\index.js:39:5)
19 verbose stack     at C:\Users\Accura Tech\AppData\Roaming\npm\node_modules\npm\node_modules\realize-package-specifier\index.js:22:20
19 verbose stack     at C:\Users\Accura Tech\AppData\Roaming\npm\node_modules\npm\node_modules\graceful-fs\polyfills.js:264:29
19 verbose stack     at FSReqCallback.oncomplete (fs.js:158:21)
20 verbose cwd C:\xampp\htdocs\kasun\wp-content\themes\accuratechtest
21 error Windows_NT 10.0.19043
22 error argv "C:\\Program Files\\nodejs\\node.exe" "C:\\Users\\Accura Tech\\AppData\\Roaming\\npm\\node_modules\\npm\\bin\\npm-cli.js" "uninstall" "-D" "gulp@4.0.2"
23 error node v12.13.0
24 error npm  v3.10.10
25 error Unsupported URL Type: npm:puppeteer-core@3.0.0
26 error If you need help, you may report this error at:
26 error     <https://github.com/npm/npm/issues>
27 verbose exit [ 1, true ]
